<?xml version="1.0" encoding="UTF-8"?>
<testng-results skipped="0" failed="0" total="2" passed="2">
  <reporter-output>
  </reporter-output>
  <suite name="Suite" duration-ms="8130" started-at="2020-07-01T06:18:16Z" finished-at="2020-07-01T06:18:24Z">
    <groups>
    </groups>
    <test name="Test" duration-ms="8130" started-at="2020-07-01T06:18:16Z" finished-at="2020-07-01T06:18:24Z">
      <class name="automobile.ParellelTesting">
        <test-method status="PASS" signature="test2()[pri:0, instance:automobile.ParellelTesting@5b464ce8]" name="test2" duration-ms="7317" started-at="2020-07-01T11:48:16Z" finished-at="2020-07-01T11:48:23Z">
          <reporter-output>
          </reporter-output>
        </test-method> <!-- test2 -->
        <test-method status="PASS" signature="test1()[pri:0, instance:automobile.ParellelTesting@5b464ce8]" name="test1" duration-ms="8111" started-at="2020-07-01T11:48:16Z" finished-at="2020-07-01T11:48:24Z">
          <reporter-output>
          </reporter-output>
        </test-method> <!-- test1 -->
        <test-method status="PASS" signature="close()[pri:0, instance:automobile.ParellelTesting@5b464ce8]" name="close" is-config="true" duration-ms="1" started-at="2020-07-01T11:48:23Z" finished-at="2020-07-01T11:48:23Z">
          <reporter-output>
          </reporter-output>
        </test-method> <!-- close -->
        <test-method status="PASS" signature="close()[pri:0, instance:automobile.ParellelTesting@5b464ce8]" name="close" is-config="true" duration-ms="0" started-at="2020-07-01T11:48:24Z" finished-at="2020-07-01T11:48:24Z">
          <reporter-output>
          </reporter-output>
        </test-method> <!-- close -->
      </class> <!-- automobile.ParellelTesting -->
    </test> <!-- Test -->
  </suite> <!-- Suite -->
</testng-results>
